<?xml version="1.0" encoding="UTF-8"?>
<!-- Generated by org.testng.reporters.JUnitXMLReporter -->
<testsuite hostname="LAPTOP-5TA3NTVR" failures="0" tests="3" name="Test" time="15.707" errors="0" timestamp="8 Dec 2020 17:37:23 GMT">
  <testcase classname="Academy.titleValidation" name="basePageNavigation" time="0.045"/>
  <testcase classname="Academy.HomePage" name="basePageNavigation" time="5.214"/>
  <testcase classname="Academy.HomePage" name="basePageNavigation" time="1.017"/>
</testsuite> <!-- Test -->
