<?xml version="1.0" encoding="UTF-8"?>
<testng-results total="3" passed="3" failed="0" skipped="0">
  <reporter-output>
  </reporter-output>
  <suite started-at="2020-12-09T16:02:06Z" name="Suite" finished-at="2020-12-09T16:02:17Z" duration-ms="10499">
    <groups>
    </groups>
    <test started-at="2020-12-09T16:02:06Z" name="Title Validation" finished-at="2020-12-09T16:02:14Z" duration-ms="7567">
      <class name="Academy.titleValidation">
        <test-method is-config="true" signature="initialization()[pri:0, instance:Academy.titleValidation@5c48c0c0]" started-at="2020-12-09T21:32:06Z" name="initialization" finished-at="2020-12-09T21:32:14Z" duration-ms="7468" status="PASS">
          <reporter-output>
          </reporter-output>
        </test-method> <!-- initialization -->
        <test-method signature="basePageNavigation()[pri:0, instance:Academy.titleValidation@5c48c0c0]" started-at="2020-12-09T21:32:14Z" name="basePageNavigation" finished-at="2020-12-09T21:32:14Z" duration-ms="49" status="PASS">
          <reporter-output>
          </reporter-output>
        </test-method> <!-- basePageNavigation -->
        <test-method is-config="true" signature="teardown()[pri:0, instance:Academy.titleValidation@5c48c0c0]" started-at="2020-12-09T21:32:14Z" name="teardown" finished-at="2020-12-09T21:32:14Z" duration-ms="42" status="PASS">
          <reporter-output>
          </reporter-output>
        </test-method> <!-- teardown -->
      </class> <!-- Academy.titleValidation -->
    </test> <!-- Title Validation -->
    <test started-at="2020-12-09T16:02:06Z" name="Home Page User Validation" finished-at="2020-12-09T16:02:17Z" duration-ms="10499">
      <class name="Academy.HomePage">
        <test-method is-config="true" signature="initialization()[pri:0, instance:Academy.HomePage@32232e55]" started-at="2020-12-09T21:32:06Z" name="initialization" finished-at="2020-12-09T21:32:09Z" duration-ms="3430" status="PASS">
          <reporter-output>
          </reporter-output>
        </test-method> <!-- initialization -->
        <test-method signature="basePageNavigation(java.lang.String, java.lang.String, java.lang.String)[pri:0, instance:Academy.HomePage@32232e55]" started-at="2020-12-09T21:32:09Z" name="basePageNavigation" data-provider="getData" finished-at="2020-12-09T21:32:15Z" duration-ms="5404" status="PASS">
          <params>
            <param index="0">
              <value>
                <![CDATA[restricteduser@gmail.com]]>
              </value>
            </param>
            <param index="1">
              <value>
                <![CDATA[restricted]]>
              </value>
            </param>
            <param index="2">
              <value>
                <![CDATA[restricted user]]>
              </value>
            </param>
          </params>
          <reporter-output>
          </reporter-output>
        </test-method> <!-- basePageNavigation -->
        <test-method signature="basePageNavigation(java.lang.String, java.lang.String, java.lang.String)[pri:0, instance:Academy.HomePage@32232e55]" started-at="2020-12-09T21:32:15Z" name="basePageNavigation" data-provider="getData" finished-at="2020-12-09T21:32:16Z" duration-ms="1609" status="PASS">
          <params>
            <param index="0">
              <value>
                <![CDATA[nonrestricteduser@gmail.com]]>
              </value>
            </param>
            <param index="1">
              <value>
                <![CDATA[nonrestricted]]>
              </value>
            </param>
            <param index="2">
              <value>
                <![CDATA[non restricted user]]>
              </value>
            </param>
          </params>
          <reporter-output>
          </reporter-output>
        </test-method> <!-- basePageNavigation -->
        <test-method is-config="true" signature="teardown()[pri:0, instance:Academy.HomePage@32232e55]" started-at="2020-12-09T21:32:16Z" name="teardown" finished-at="2020-12-09T21:32:17Z" duration-ms="47" status="PASS">
          <reporter-output>
          </reporter-output>
        </test-method> <!-- teardown -->
      </class> <!-- Academy.HomePage -->
    </test> <!-- Home Page User Validation -->
  </suite> <!-- Suite -->
</testng-results>
