<?xml version="1.0" encoding="UTF-8"?>
<testng-results total="1" passed="1" failed="0" skipped="0">
  <reporter-output>
  </reporter-output>
  <suite started-at="2020-12-09T14:37:51Z" name="Default suite" finished-at="2020-12-09T14:37:56Z" duration-ms="5319">
    <groups>
    </groups>
    <test started-at="2020-12-09T14:37:51Z" name="Default test" finished-at="2020-12-09T14:37:56Z" duration-ms="5319">
      <class name="Academy.titleValidation">
        <test-method is-config="true" signature="initialization()[pri:0, instance:Academy.titleValidation@64a8c844]" started-at="2020-12-09T20:07:51Z" name="initialization" finished-at="2020-12-09T20:07:56Z" duration-ms="5224" status="PASS">
          <reporter-output>
          </reporter-output>
        </test-method> <!-- initialization -->
        <test-method signature="basePageNavigation()[pri:0, instance:Academy.titleValidation@64a8c844]" started-at="2020-12-09T20:07:56Z" name="basePageNavigation" finished-at="2020-12-09T20:07:56Z" duration-ms="46" status="PASS">
          <reporter-output>
          </reporter-output>
        </test-method> <!-- basePageNavigation -->
        <test-method is-config="true" signature="teardown()[pri:0, instance:Academy.titleValidation@64a8c844]" started-at="2020-12-09T20:07:56Z" name="teardown" finished-at="2020-12-09T20:07:56Z" duration-ms="41" status="PASS">
          <reporter-output>
          </reporter-output>
        </test-method> <!-- teardown -->
      </class> <!-- Academy.titleValidation -->
    </test> <!-- Default test -->
  </suite> <!-- Default suite -->
</testng-results>
